<?xml version="1.0" encoding="UTF-8"?>
<!-- Generated by org.testng.reporters.JUnitReportReporter -->
<testsuite hostname="LAPTOP-I9Q9UQ19" failures="0" tests="3" name="qa.tests.Testsase1" time="24.485" errors="0" timestamp="2024-09-03T17:24:43 CST" skipped="0">
  <testcase classname="qa.tests.Testsase1" name="sampleMethodForEnteringCredentials" time="7.569"/>
  <testcase classname="qa.tests.Testsase1" name="sampleMethodForEnteringCredentials" time="9.457"/>
  <testcase classname="qa.tests.Testsase1" name="sampleMethodForEnteringCredentials" time="7.459"/>
</testsuite> <!-- qa.tests.Testsase1 -->
